TimeQuest Timing Analyzer report for Lab7_ALU
Fri Oct 16 09:09:42 2020
Quartus II 64-Bit Version 13.0.1 Build 232 06/12/2013 Service Pack 1 SJ Web Edition


---------------------
; Table of Contents ;
---------------------
  1. Legal Notice
  2. TimeQuest Timing Analyzer Summary
  3. Parallel Compilation
  4. Clocks
  5. Slow Model Fmax Summary
  6. Slow Model Setup Summary
  7. Slow Model Hold Summary
  8. Slow Model Recovery Summary
  9. Slow Model Removal Summary
 10. Slow Model Minimum Pulse Width Summary
 11. Propagation Delay
 12. Minimum Propagation Delay
 13. Fast Model Setup Summary
 14. Fast Model Hold Summary
 15. Fast Model Recovery Summary
 16. Fast Model Removal Summary
 17. Fast Model Minimum Pulse Width Summary
 18. Propagation Delay
 19. Minimum Propagation Delay
 20. Multicorner Timing Analysis Summary
 21. Progagation Delay
 22. Minimum Progagation Delay
 23. Clock Transfers
 24. Report TCCS
 25. Report RSKM
 26. Unconstrained Paths
 27. TimeQuest Timing Analyzer Messages



----------------
; Legal Notice ;
----------------
Copyright (C) 1991-2013 Altera Corporation
Your use of Altera Corporation's design tools, logic functions 
and other software and tools, and its AMPP partner logic 
functions, and any output files from any of the foregoing 
(including device programming or simulation files), and any 
associated documentation or information are expressly subject 
to the terms and conditions of the Altera Program License 
Subscription Agreement, Altera MegaCore Function License 
Agreement, or other applicable license agreement, including, 
without limitation, that your use is for the sole purpose of 
programming logic devices manufactured by Altera and sold by 
Altera or its authorized distributors.  Please refer to the 
applicable agreement for further details.



+----------------------------------------------------------------------------------------+
; TimeQuest Timing Analyzer Summary                                                      ;
+--------------------+-------------------------------------------------------------------+
; Quartus II Version ; Version 13.0.1 Build 232 06/12/2013 Service Pack 1 SJ Web Edition ;
; Revision Name      ; Lab7_ALU                                                          ;
; Device Family      ; Cyclone II                                                        ;
; Device Name        ; EP2C20F484C7                                                      ;
; Timing Models      ; Final                                                             ;
; Delay Model        ; Combined                                                          ;
; Rise/Fall Delays   ; Unavailable                                                       ;
+--------------------+-------------------------------------------------------------------+


Parallel compilation was disabled, but you have multiple processors available. Enable parallel compilation to reduce compilation time.
+-------------------------------------+
; Parallel Compilation                ;
+----------------------------+--------+
; Processors                 ; Number ;
+----------------------------+--------+
; Number detected on machine ; 4      ;
; Maximum allowed            ; 1      ;
+----------------------------+--------+


----------
; Clocks ;
----------
No clocks to report.


---------------------------
; Slow Model Fmax Summary ;
---------------------------
No paths to report.


----------------------------
; Slow Model Setup Summary ;
----------------------------
No paths to report.


---------------------------
; Slow Model Hold Summary ;
---------------------------
No paths to report.


-------------------------------
; Slow Model Recovery Summary ;
-------------------------------
No paths to report.


------------------------------
; Slow Model Removal Summary ;
------------------------------
No paths to report.


------------------------------------------
; Slow Model Minimum Pulse Width Summary ;
------------------------------------------
No paths to report.


+--------------------------------------------------------------+
; Propagation Delay                                            ;
+------------+-------------+--------+--------+--------+--------+
; Input Port ; Output Port ; RR     ; RF     ; FR     ; FF     ;
+------------+-------------+--------+--------+--------+--------+
; A0         ; A0out       ; 6.400  ;        ;        ; 6.400  ;
; A0         ; Cout        ; 8.872  ;        ;        ; 8.872  ;
; A0         ; OVR         ; 8.843  ; 8.843  ; 8.843  ; 8.843  ;
; A0         ; R0out       ; 6.358  ; 6.358  ; 6.358  ; 6.358  ;
; A0         ; R1out       ; 7.653  ; 7.653  ; 7.653  ; 7.653  ;
; A0         ; R2out       ; 8.898  ; 8.898  ; 8.898  ; 8.898  ;
; A0         ; R3out       ; 8.861  ; 8.861  ; 8.861  ; 8.861  ;
; A0         ; a           ; 14.974 ; 14.974 ; 14.974 ; 14.974 ;
; A0         ; b           ; 15.064 ; 15.064 ; 15.064 ; 15.064 ;
; A0         ; c           ; 14.746 ; 14.746 ; 14.746 ; 14.746 ;
; A0         ; d           ; 13.111 ; 13.111 ; 13.111 ; 13.111 ;
; A0         ; e           ; 13.354 ; 13.354 ; 13.354 ; 13.354 ;
; A0         ; f           ; 15.131 ; 15.131 ; 15.131 ; 15.131 ;
; A0         ; g           ; 15.130 ; 15.130 ; 15.130 ; 15.130 ;
; A0         ; g1          ; 13.545 ; 13.545 ; 13.545 ; 13.545 ;
; A1         ; A1out       ; 6.051  ;        ;        ; 6.051  ;
; A1         ; Cout        ; 8.421  ;        ;        ; 8.421  ;
; A1         ; OVR         ; 8.392  ; 8.392  ; 8.392  ; 8.392  ;
; A1         ; R1out       ; 7.550  ; 7.550  ; 7.550  ; 7.550  ;
; A1         ; R2out       ; 8.447  ; 8.447  ; 8.447  ; 8.447  ;
; A1         ; R3out       ; 8.410  ; 8.410  ; 8.410  ; 8.410  ;
; A1         ; a           ; 14.523 ; 14.523 ; 14.523 ; 14.523 ;
; A1         ; b           ; 14.613 ; 14.613 ; 14.613 ; 14.613 ;
; A1         ; c           ; 14.295 ; 14.295 ; 14.295 ; 14.295 ;
; A1         ; d           ; 12.660 ; 12.660 ; 12.660 ; 12.660 ;
; A1         ; e           ; 12.903 ; 12.903 ; 12.903 ; 12.903 ;
; A1         ; f           ; 14.680 ; 14.680 ; 14.680 ; 14.680 ;
; A1         ; g           ; 14.679 ; 14.679 ; 14.679 ; 14.679 ;
; A1         ; g1          ; 13.094 ; 13.094 ; 13.094 ; 13.094 ;
; A2         ; A2out       ; 5.422  ;        ;        ; 5.422  ;
; A2         ; Cout        ; 7.411  ;        ;        ; 7.411  ;
; A2         ; OVR         ; 7.382  ; 7.382  ; 7.382  ; 7.382  ;
; A2         ; R2out       ; 7.239  ; 7.239  ; 7.239  ; 7.239  ;
; A2         ; R3out       ; 7.400  ; 7.400  ; 7.400  ; 7.400  ;
; A2         ; a           ; 13.513 ; 13.513 ; 13.513 ; 13.513 ;
; A2         ; b           ; 13.603 ; 13.603 ; 13.603 ; 13.603 ;
; A2         ; c           ; 13.285 ; 13.285 ; 13.285 ; 13.285 ;
; A2         ; d           ; 11.452 ; 11.452 ; 11.452 ; 11.452 ;
; A2         ; e           ; 11.695 ; 11.695 ; 11.695 ; 11.695 ;
; A2         ; f           ; 13.670 ; 13.670 ; 13.670 ; 13.670 ;
; A2         ; g           ; 13.669 ; 13.669 ; 13.669 ; 13.669 ;
; A2         ; g1          ; 12.084 ; 12.084 ; 12.084 ; 12.084 ;
; A3         ; A3out       ; 6.688  ;        ;        ; 6.688  ;
; A3         ; Cout        ; 8.351  ;        ;        ; 8.351  ;
; A3         ; OVR         ; 8.327  ; 8.327  ; 8.327  ; 8.327  ;
; A3         ; R3out       ; 8.967  ; 8.967  ; 8.967  ; 8.967  ;
; A3         ; a           ; 15.080 ; 15.080 ; 15.080 ; 15.080 ;
; A3         ; b           ; 15.170 ; 15.170 ; 15.170 ; 15.170 ;
; A3         ; c           ; 14.852 ; 14.852 ; 14.852 ; 14.852 ;
; A3         ; f           ; 15.237 ; 15.237 ; 15.237 ; 15.237 ;
; A3         ; g           ; 15.236 ; 15.236 ; 15.236 ; 15.236 ;
; A3         ; g1          ; 13.651 ; 13.651 ; 13.651 ; 13.651 ;
; B0         ; B0out       ; 4.644  ;        ;        ; 4.644  ;
; B0         ; Cout        ; 8.426  ; 8.426  ; 8.426  ; 8.426  ;
; B0         ; OVR         ; 8.397  ; 8.397  ; 8.397  ; 8.397  ;
; B0         ; R0out       ; 5.909  ; 5.909  ; 5.909  ; 5.909  ;
; B0         ; R1out       ; 7.207  ; 7.207  ; 7.207  ; 7.207  ;
; B0         ; R2out       ; 8.452  ; 8.452  ; 8.452  ; 8.452  ;
; B0         ; R3out       ; 8.415  ; 8.415  ; 8.415  ; 8.415  ;
; B0         ; a           ; 14.528 ; 14.528 ; 14.528 ; 14.528 ;
; B0         ; b           ; 14.618 ; 14.618 ; 14.618 ; 14.618 ;
; B0         ; c           ; 14.300 ; 14.300 ; 14.300 ; 14.300 ;
; B0         ; d           ; 12.665 ; 12.665 ; 12.665 ; 12.665 ;
; B0         ; e           ; 12.908 ; 12.908 ; 12.908 ; 12.908 ;
; B0         ; f           ; 14.685 ; 14.685 ; 14.685 ; 14.685 ;
; B0         ; g           ; 14.684 ; 14.684 ; 14.684 ; 14.684 ;
; B0         ; g1          ; 13.099 ; 13.099 ; 13.099 ; 13.099 ;
; B1         ; B1out       ; 4.979  ;        ;        ; 4.979  ;
; B1         ; Cout        ; 7.465  ; 7.465  ; 7.465  ; 7.465  ;
; B1         ; OVR         ; 7.436  ; 7.436  ; 7.436  ; 7.436  ;
; B1         ; R1out       ; 5.723  ; 5.723  ; 5.723  ; 5.723  ;
; B1         ; R2out       ; 7.491  ; 7.491  ; 7.491  ; 7.491  ;
; B1         ; R3out       ; 7.454  ; 7.454  ; 7.454  ; 7.454  ;
; B1         ; a           ; 13.567 ; 13.567 ; 13.567 ; 13.567 ;
; B1         ; b           ; 13.657 ; 13.657 ; 13.657 ; 13.657 ;
; B1         ; c           ; 13.339 ; 13.339 ; 13.339 ; 13.339 ;
; B1         ; d           ; 11.704 ; 11.704 ; 11.704 ; 11.704 ;
; B1         ; e           ; 11.947 ; 11.947 ; 11.947 ; 11.947 ;
; B1         ; f           ; 13.724 ; 13.724 ; 13.724 ; 13.724 ;
; B1         ; g           ; 13.723 ; 13.723 ; 13.723 ; 13.723 ;
; B1         ; g1          ; 12.138 ; 12.138 ; 12.138 ; 12.138 ;
; B2         ; B2out       ; 5.397  ;        ;        ; 5.397  ;
; B2         ; Cout        ; 6.597  ; 6.597  ; 6.597  ; 6.597  ;
; B2         ; OVR         ; 6.568  ; 6.568  ; 6.568  ; 6.568  ;
; B2         ; R2out       ; 5.769  ; 5.769  ; 5.769  ; 5.769  ;
; B2         ; R3out       ; 6.586  ; 6.586  ; 6.586  ; 6.586  ;
; B2         ; a           ; 12.699 ; 12.699 ; 12.699 ; 12.699 ;
; B2         ; b           ; 12.789 ; 12.789 ; 12.789 ; 12.789 ;
; B2         ; c           ; 12.471 ; 12.471 ; 12.471 ; 12.471 ;
; B2         ; d           ; 9.982  ; 9.982  ; 9.982  ; 9.982  ;
; B2         ; e           ; 10.225 ; 10.225 ; 10.225 ; 10.225 ;
; B2         ; f           ; 12.856 ; 12.856 ; 12.856 ; 12.856 ;
; B2         ; g           ; 12.855 ; 12.855 ; 12.855 ; 12.855 ;
; B2         ; g1          ; 11.270 ; 11.270 ; 11.270 ; 11.270 ;
; B3         ; B3out       ; 6.101  ;        ;        ; 6.101  ;
; B3         ; Cout        ; 6.968  ; 6.968  ; 6.968  ; 6.968  ;
; B3         ; OVR         ; 6.936  ; 6.936  ; 6.936  ; 6.936  ;
; B3         ; R3out       ; 7.390  ; 7.390  ; 7.390  ; 7.390  ;
; B3         ; a           ; 13.503 ; 13.503 ; 13.503 ; 13.503 ;
; B3         ; b           ; 13.593 ; 13.593 ; 13.593 ; 13.593 ;
; B3         ; c           ; 13.275 ; 13.275 ; 13.275 ; 13.275 ;
; B3         ; f           ; 13.660 ; 13.660 ; 13.660 ; 13.660 ;
; B3         ; g           ; 13.659 ; 13.659 ; 13.659 ; 13.659 ;
; B3         ; g1          ; 12.074 ; 12.074 ; 12.074 ; 12.074 ;
; S0         ; Cout        ; 10.080 ; 9.027  ; 9.027  ; 10.080 ;
; S0         ; OVR         ; 10.051 ; 10.051 ; 10.051 ; 10.051 ;
; S0         ; R0out       ; 7.576  ; 7.576  ; 7.576  ; 7.576  ;
; S0         ; R1out       ; 8.861  ; 8.861  ; 8.861  ; 8.861  ;
; S0         ; R2out       ; 10.106 ; 10.106 ; 10.106 ; 10.106 ;
; S0         ; R3out       ; 10.069 ; 10.069 ; 10.069 ; 10.069 ;
; S0         ; S0out       ; 6.895  ;        ;        ; 6.895  ;
; S0         ; a           ; 16.182 ; 16.182 ; 16.182 ; 16.182 ;
; S0         ; b           ; 16.272 ; 16.272 ; 16.272 ; 16.272 ;
; S0         ; c           ; 15.954 ; 15.954 ; 15.954 ; 15.954 ;
; S0         ; d           ; 14.319 ; 14.319 ; 14.319 ; 14.319 ;
; S0         ; e           ; 14.562 ; 14.562 ; 14.562 ; 14.562 ;
; S0         ; f           ; 16.339 ; 16.339 ; 16.339 ; 16.339 ;
; S0         ; g           ; 16.338 ; 16.338 ; 16.338 ; 16.338 ;
; S0         ; g1          ; 14.753 ; 14.753 ; 14.753 ; 14.753 ;
; S1         ; R0out       ; 7.490  ; 7.490  ; 7.490  ; 7.490  ;
; S1         ; R1out       ; 8.316  ; 8.316  ; 8.316  ; 8.316  ;
; S1         ; R2out       ; 8.343  ; 8.343  ; 8.343  ; 8.343  ;
; S1         ; R3out       ; 8.457  ; 8.457  ; 8.457  ; 8.457  ;
; S1         ; S1out       ; 6.365  ;        ;        ; 6.365  ;
; S1         ; a           ; 14.570 ; 14.570 ; 14.570 ; 14.570 ;
; S1         ; b           ; 14.660 ; 14.660 ; 14.660 ; 14.660 ;
; S1         ; c           ; 14.342 ; 14.342 ; 14.342 ; 14.342 ;
; S1         ; d           ; 12.556 ; 12.556 ; 12.556 ; 12.556 ;
; S1         ; e           ; 12.799 ; 12.799 ; 12.799 ; 12.799 ;
; S1         ; f           ; 14.727 ; 14.727 ; 14.727 ; 14.727 ;
; S1         ; g           ; 14.726 ; 14.726 ; 14.726 ; 14.726 ;
; S1         ; g1          ; 13.141 ; 13.141 ; 13.141 ; 13.141 ;
+------------+-------------+--------+--------+--------+--------+


+--------------------------------------------------------------+
; Minimum Propagation Delay                                    ;
+------------+-------------+--------+--------+--------+--------+
; Input Port ; Output Port ; RR     ; RF     ; FR     ; FF     ;
+------------+-------------+--------+--------+--------+--------+
; A0         ; A0out       ; 6.400  ;        ;        ; 6.400  ;
; A0         ; Cout        ; 8.872  ;        ;        ; 8.872  ;
; A0         ; OVR         ; 8.843  ; 8.843  ; 8.843  ; 8.843  ;
; A0         ; R0out       ; 6.358  ; 6.358  ; 6.358  ; 6.358  ;
; A0         ; R1out       ; 7.653  ; 7.653  ; 7.653  ; 7.653  ;
; A0         ; R2out       ; 8.898  ; 8.898  ; 8.898  ; 8.898  ;
; A0         ; R3out       ; 8.861  ; 8.861  ; 8.861  ; 8.861  ;
; A0         ; a           ; 10.891 ; 10.891 ; 10.891 ; 10.891 ;
; A0         ; b           ; 11.009 ; 11.009 ; 11.009 ; 11.009 ;
; A0         ; c           ; 10.698 ; 10.698 ; 10.698 ; 10.698 ;
; A0         ; d           ; 10.697 ; 10.697 ; 10.697 ; 10.697 ;
; A0         ; e           ; 10.887 ; 10.887 ; 10.887 ; 10.887 ;
; A0         ; f           ; 11.045 ; 11.045 ; 11.045 ; 11.045 ;
; A0         ; g           ; 11.044 ; 11.044 ; 11.044 ; 11.044 ;
; A0         ; g1          ; 13.545 ; 13.545 ; 13.545 ; 13.545 ;
; A1         ; A1out       ; 6.051  ;        ;        ; 6.051  ;
; A1         ; Cout        ; 8.421  ;        ;        ; 8.421  ;
; A1         ; OVR         ; 8.392  ; 8.392  ; 8.392  ; 8.392  ;
; A1         ; R1out       ; 7.550  ; 7.550  ; 7.550  ; 7.550  ;
; A1         ; R2out       ; 8.447  ; 8.447  ; 8.447  ; 8.447  ;
; A1         ; R3out       ; 8.410  ; 8.410  ; 8.410  ; 8.410  ;
; A1         ; a           ; 10.927 ; 10.927 ; 10.927 ; 10.927 ;
; A1         ; b           ; 11.055 ; 11.055 ; 11.055 ; 11.055 ;
; A1         ; c           ; 10.739 ; 10.739 ; 10.739 ; 10.739 ;
; A1         ; d           ; 10.738 ; 10.738 ; 10.738 ; 10.738 ;
; A1         ; e           ; 10.981 ; 10.981 ; 10.981 ; 10.981 ;
; A1         ; f           ; 11.094 ; 11.094 ; 11.094 ; 11.094 ;
; A1         ; g           ; 11.094 ; 11.094 ; 11.094 ; 11.094 ;
; A1         ; g1          ; 13.094 ; 13.094 ; 13.094 ; 13.094 ;
; A2         ; A2out       ; 5.422  ;        ;        ; 5.422  ;
; A2         ; Cout        ; 7.411  ;        ;        ; 7.411  ;
; A2         ; OVR         ; 7.382  ; 7.382  ; 7.382  ; 7.382  ;
; A2         ; R2out       ; 7.239  ; 7.239  ; 7.239  ; 7.239  ;
; A2         ; R3out       ; 7.400  ; 7.400  ; 7.400  ; 7.400  ;
; A2         ; a           ; 11.643 ; 11.643 ; 11.643 ; 11.643 ;
; A2         ; b           ; 11.764 ; 11.764 ; 11.764 ; 11.764 ;
; A2         ; c           ; 11.416 ; 11.416 ; 11.416 ; 11.416 ;
; A2         ; d           ; 11.452 ; 11.452 ; 11.452 ; 11.452 ;
; A2         ; e           ; 11.695 ; 11.695 ; 11.695 ; 11.695 ;
; A2         ; f           ; 11.808 ; 11.808 ; 11.808 ; 11.808 ;
; A2         ; g           ; 11.808 ; 11.808 ; 11.808 ; 11.808 ;
; A2         ; g1          ; 12.084 ; 12.084 ; 12.084 ; 12.084 ;
; A3         ; A3out       ; 6.688  ;        ;        ; 6.688  ;
; A3         ; Cout        ; 8.351  ;        ;        ; 8.351  ;
; A3         ; OVR         ; 8.327  ; 8.327  ; 8.327  ; 8.327  ;
; A3         ; R3out       ; 8.967  ; 8.967  ; 8.967  ; 8.967  ;
; A3         ; a           ; 15.080 ; 15.080 ; 15.080 ; 15.080 ;
; A3         ; b           ; 15.170 ; 15.170 ; 15.170 ; 15.170 ;
; A3         ; c           ; 14.852 ; 14.852 ; 14.852 ; 14.852 ;
; A3         ; f           ; 15.237 ; 15.237 ; 15.237 ; 15.237 ;
; A3         ; g           ; 15.236 ; 15.236 ; 15.236 ; 15.236 ;
; A3         ; g1          ; 13.651 ; 13.651 ; 13.651 ; 13.651 ;
; B0         ; B0out       ; 4.644  ;        ;        ; 4.644  ;
; B0         ; Cout        ; 8.426  ; 8.426  ; 8.426  ; 8.426  ;
; B0         ; OVR         ; 8.397  ; 8.397  ; 8.397  ; 8.397  ;
; B0         ; R0out       ; 5.909  ; 5.909  ; 5.909  ; 5.909  ;
; B0         ; R1out       ; 7.207  ; 7.207  ; 7.207  ; 7.207  ;
; B0         ; R2out       ; 8.452  ; 8.452  ; 8.452  ; 8.452  ;
; B0         ; R3out       ; 8.415  ; 8.415  ; 8.415  ; 8.415  ;
; B0         ; a           ; 10.442 ; 10.442 ; 10.442 ; 10.442 ;
; B0         ; b           ; 10.560 ; 10.560 ; 10.560 ; 10.560 ;
; B0         ; c           ; 10.249 ; 10.249 ; 10.249 ; 10.249 ;
; B0         ; d           ; 10.248 ; 10.248 ; 10.248 ; 10.248 ;
; B0         ; e           ; 10.438 ; 10.438 ; 10.438 ; 10.438 ;
; B0         ; f           ; 10.596 ; 10.596 ; 10.596 ; 10.596 ;
; B0         ; g           ; 10.595 ; 10.595 ; 10.595 ; 10.595 ;
; B0         ; g1          ; 13.099 ; 13.099 ; 13.099 ; 13.099 ;
; B1         ; B1out       ; 4.979  ;        ;        ; 4.979  ;
; B1         ; Cout        ; 7.465  ; 7.465  ; 7.465  ; 7.465  ;
; B1         ; OVR         ; 7.436  ; 7.436  ; 7.436  ; 7.436  ;
; B1         ; R1out       ; 5.723  ; 5.723  ; 5.723  ; 5.723  ;
; B1         ; R2out       ; 7.491  ; 7.491  ; 7.491  ; 7.491  ;
; B1         ; R3out       ; 7.454  ; 7.454  ; 7.454  ; 7.454  ;
; B1         ; a           ; 9.100  ; 9.100  ; 9.100  ; 9.100  ;
; B1         ; b           ; 9.228  ; 9.228  ; 9.228  ; 9.228  ;
; B1         ; c           ; 8.912  ; 8.912  ; 8.912  ; 8.912  ;
; B1         ; d           ; 8.911  ; 8.911  ; 8.911  ; 8.911  ;
; B1         ; e           ; 9.154  ; 9.154  ; 9.154  ; 9.154  ;
; B1         ; f           ; 9.267  ; 9.267  ; 9.267  ; 9.267  ;
; B1         ; g           ; 9.267  ; 9.267  ; 9.267  ; 9.267  ;
; B1         ; g1          ; 12.138 ; 12.138 ; 12.138 ; 12.138 ;
; B2         ; B2out       ; 5.397  ;        ;        ; 5.397  ;
; B2         ; Cout        ; 6.597  ; 6.597  ; 6.597  ; 6.597  ;
; B2         ; OVR         ; 6.568  ; 6.568  ; 6.568  ; 6.568  ;
; B2         ; R2out       ; 5.769  ; 5.769  ; 5.769  ; 5.769  ;
; B2         ; R3out       ; 6.586  ; 6.586  ; 6.586  ; 6.586  ;
; B2         ; a           ; 10.173 ; 10.173 ; 10.173 ; 10.173 ;
; B2         ; b           ; 10.294 ; 10.294 ; 10.294 ; 10.294 ;
; B2         ; c           ; 9.946  ; 9.946  ; 9.946  ; 9.946  ;
; B2         ; d           ; 9.982  ; 9.982  ; 9.982  ; 9.982  ;
; B2         ; e           ; 10.225 ; 10.225 ; 10.225 ; 10.225 ;
; B2         ; f           ; 10.338 ; 10.338 ; 10.338 ; 10.338 ;
; B2         ; g           ; 10.338 ; 10.338 ; 10.338 ; 10.338 ;
; B2         ; g1          ; 11.270 ; 11.270 ; 11.270 ; 11.270 ;
; B3         ; B3out       ; 6.101  ;        ;        ; 6.101  ;
; B3         ; Cout        ; 6.968  ; 6.968  ; 6.968  ; 6.968  ;
; B3         ; OVR         ; 6.936  ; 6.936  ; 6.936  ; 6.936  ;
; B3         ; R3out       ; 7.390  ; 7.390  ; 7.390  ; 7.390  ;
; B3         ; a           ; 13.503 ; 13.503 ; 13.503 ; 13.503 ;
; B3         ; b           ; 13.593 ; 13.593 ; 13.593 ; 13.593 ;
; B3         ; c           ; 13.275 ; 13.275 ; 13.275 ; 13.275 ;
; B3         ; f           ; 13.660 ; 13.660 ; 13.660 ; 13.660 ;
; B3         ; g           ; 13.659 ; 13.659 ; 13.659 ; 13.659 ;
; B3         ; g1          ; 12.074 ; 12.074 ; 12.074 ; 12.074 ;
; S0         ; Cout        ; 7.678  ; 7.678  ; 7.678  ; 7.678  ;
; S0         ; OVR         ; 7.656  ; 7.656  ; 7.656  ; 7.656  ;
; S0         ; R0out       ; 7.576  ; 7.576  ; 7.576  ; 7.576  ;
; S0         ; R1out       ; 7.295  ; 7.295  ; 7.295  ; 7.295  ;
; S0         ; R2out       ; 7.332  ; 7.332  ; 7.332  ; 7.332  ;
; S0         ; R3out       ; 8.060  ; 8.060  ; 8.060  ; 8.060  ;
; S0         ; S0out       ; 6.895  ;        ;        ; 6.895  ;
; S0         ; a           ; 10.672 ; 10.672 ; 10.672 ; 10.672 ;
; S0         ; b           ; 10.800 ; 10.800 ; 10.800 ; 10.800 ;
; S0         ; c           ; 10.484 ; 10.484 ; 10.484 ; 10.484 ;
; S0         ; d           ; 10.483 ; 10.483 ; 10.483 ; 10.483 ;
; S0         ; e           ; 10.726 ; 10.726 ; 10.726 ; 10.726 ;
; S0         ; f           ; 10.839 ; 10.839 ; 10.839 ; 10.839 ;
; S0         ; g           ; 10.839 ; 10.839 ; 10.839 ; 10.839 ;
; S0         ; g1          ; 12.744 ; 12.744 ; 12.744 ; 12.744 ;
; S1         ; R0out       ; 7.490  ; 7.490  ; 7.490  ; 7.490  ;
; S1         ; R1out       ; 7.450  ; 7.450  ; 7.450  ; 7.450  ;
; S1         ; R2out       ; 7.489  ; 7.489  ; 7.489  ; 7.489  ;
; S1         ; R3out       ; 7.829  ; 7.829  ; 7.829  ; 7.829  ;
; S1         ; S1out       ; 6.365  ;        ;        ; 6.365  ;
; S1         ; a           ; 10.827 ; 10.827 ; 10.827 ; 10.827 ;
; S1         ; b           ; 10.955 ; 10.955 ; 10.955 ; 10.955 ;
; S1         ; c           ; 10.639 ; 10.639 ; 10.639 ; 10.639 ;
; S1         ; d           ; 10.638 ; 10.638 ; 10.638 ; 10.638 ;
; S1         ; e           ; 10.881 ; 10.881 ; 10.881 ; 10.881 ;
; S1         ; f           ; 10.994 ; 10.994 ; 10.994 ; 10.994 ;
; S1         ; g           ; 10.994 ; 10.994 ; 10.994 ; 10.994 ;
; S1         ; g1          ; 12.513 ; 12.513 ; 12.513 ; 12.513 ;
+------------+-------------+--------+--------+--------+--------+


----------------------------
; Fast Model Setup Summary ;
----------------------------
No paths to report.


---------------------------
; Fast Model Hold Summary ;
---------------------------
No paths to report.


-------------------------------
; Fast Model Recovery Summary ;
-------------------------------
No paths to report.


------------------------------
; Fast Model Removal Summary ;
------------------------------
No paths to report.


------------------------------------------
; Fast Model Minimum Pulse Width Summary ;
------------------------------------------
No paths to report.


+----------------------------------------------------------+
; Propagation Delay                                        ;
+------------+-------------+-------+-------+-------+-------+
; Input Port ; Output Port ; RR    ; RF    ; FR    ; FF    ;
+------------+-------------+-------+-------+-------+-------+
; A0         ; A0out       ; 3.092 ;       ;       ; 3.092 ;
; A0         ; Cout        ; 3.897 ;       ;       ; 3.897 ;
; A0         ; OVR         ; 3.883 ; 3.883 ; 3.883 ; 3.883 ;
; A0         ; R0out       ; 2.999 ; 2.999 ; 2.999 ; 2.999 ;
; A0         ; R1out       ; 3.439 ; 3.439 ; 3.439 ; 3.439 ;
; A0         ; R2out       ; 3.877 ; 3.877 ; 3.877 ; 3.877 ;
; A0         ; R3out       ; 3.882 ; 3.882 ; 3.882 ; 3.882 ;
; A0         ; a           ; 6.197 ; 6.197 ; 6.197 ; 6.197 ;
; A0         ; b           ; 6.257 ; 6.257 ; 6.257 ; 6.257 ;
; A0         ; c           ; 6.145 ; 6.145 ; 6.145 ; 6.145 ;
; A0         ; d           ; 5.589 ; 5.589 ; 5.589 ; 5.589 ;
; A0         ; e           ; 5.677 ; 5.677 ; 5.677 ; 5.677 ;
; A0         ; f           ; 6.275 ; 6.275 ; 6.275 ; 6.275 ;
; A0         ; g           ; 6.276 ; 6.276 ; 6.276 ; 6.276 ;
; A0         ; g1          ; 5.696 ; 5.696 ; 5.696 ; 5.696 ;
; A1         ; A1out       ; 2.902 ;       ;       ; 2.902 ;
; A1         ; Cout        ; 3.730 ;       ;       ; 3.730 ;
; A1         ; OVR         ; 3.716 ; 3.716 ; 3.716 ; 3.716 ;
; A1         ; R1out       ; 3.395 ; 3.395 ; 3.395 ; 3.395 ;
; A1         ; R2out       ; 3.710 ; 3.710 ; 3.710 ; 3.710 ;
; A1         ; R3out       ; 3.715 ; 3.715 ; 3.715 ; 3.715 ;
; A1         ; a           ; 6.030 ; 6.030 ; 6.030 ; 6.030 ;
; A1         ; b           ; 6.090 ; 6.090 ; 6.090 ; 6.090 ;
; A1         ; c           ; 5.978 ; 5.978 ; 5.978 ; 5.978 ;
; A1         ; d           ; 5.422 ; 5.422 ; 5.422 ; 5.422 ;
; A1         ; e           ; 5.510 ; 5.510 ; 5.510 ; 5.510 ;
; A1         ; f           ; 6.108 ; 6.108 ; 6.108 ; 6.108 ;
; A1         ; g           ; 6.109 ; 6.109 ; 6.109 ; 6.109 ;
; A1         ; g1          ; 5.529 ; 5.529 ; 5.529 ; 5.529 ;
; A2         ; A2out       ; 2.610 ;       ;       ; 2.610 ;
; A2         ; Cout        ; 3.363 ;       ;       ; 3.363 ;
; A2         ; OVR         ; 3.349 ; 3.349 ; 3.349 ; 3.349 ;
; A2         ; R2out       ; 3.269 ; 3.269 ; 3.269 ; 3.269 ;
; A2         ; R3out       ; 3.348 ; 3.348 ; 3.348 ; 3.348 ;
; A2         ; a           ; 5.663 ; 5.663 ; 5.663 ; 5.663 ;
; A2         ; b           ; 5.723 ; 5.723 ; 5.723 ; 5.723 ;
; A2         ; c           ; 5.611 ; 5.611 ; 5.611 ; 5.611 ;
; A2         ; d           ; 4.981 ; 4.981 ; 4.981 ; 4.981 ;
; A2         ; e           ; 5.069 ; 5.069 ; 5.069 ; 5.069 ;
; A2         ; f           ; 5.741 ; 5.741 ; 5.741 ; 5.741 ;
; A2         ; g           ; 5.742 ; 5.742 ; 5.742 ; 5.742 ;
; A2         ; g1          ; 5.162 ; 5.162 ; 5.162 ; 5.162 ;
; A3         ; A3out       ; 3.245 ;       ;       ; 3.245 ;
; A3         ; Cout        ; 3.813 ;       ;       ; 3.813 ;
; A3         ; OVR         ; 3.804 ; 3.804 ; 3.804 ; 3.804 ;
; A3         ; R3out       ; 4.019 ; 4.019 ; 4.019 ; 4.019 ;
; A3         ; a           ; 6.334 ; 6.334 ; 6.334 ; 6.334 ;
; A3         ; b           ; 6.394 ; 6.394 ; 6.394 ; 6.394 ;
; A3         ; c           ; 6.282 ; 6.282 ; 6.282 ; 6.282 ;
; A3         ; f           ; 6.412 ; 6.412 ; 6.412 ; 6.412 ;
; A3         ; g           ; 6.413 ; 6.413 ; 6.413 ; 6.413 ;
; A3         ; g1          ; 5.833 ; 5.833 ; 5.833 ; 5.833 ;
; B0         ; B0out       ; 2.295 ;       ;       ; 2.295 ;
; B0         ; Cout        ; 3.676 ; 3.676 ; 3.676 ; 3.676 ;
; B0         ; OVR         ; 3.662 ; 3.662 ; 3.662 ; 3.662 ;
; B0         ; R0out       ; 2.774 ; 2.774 ; 2.774 ; 2.774 ;
; B0         ; R1out       ; 3.218 ; 3.218 ; 3.218 ; 3.218 ;
; B0         ; R2out       ; 3.656 ; 3.656 ; 3.656 ; 3.656 ;
; B0         ; R3out       ; 3.661 ; 3.661 ; 3.661 ; 3.661 ;
; B0         ; a           ; 5.976 ; 5.976 ; 5.976 ; 5.976 ;
; B0         ; b           ; 6.036 ; 6.036 ; 6.036 ; 6.036 ;
; B0         ; c           ; 5.924 ; 5.924 ; 5.924 ; 5.924 ;
; B0         ; d           ; 5.368 ; 5.368 ; 5.368 ; 5.368 ;
; B0         ; e           ; 5.456 ; 5.456 ; 5.456 ; 5.456 ;
; B0         ; f           ; 6.054 ; 6.054 ; 6.054 ; 6.054 ;
; B0         ; g           ; 6.055 ; 6.055 ; 6.055 ; 6.055 ;
; B0         ; g1          ; 5.475 ; 5.475 ; 5.475 ; 5.475 ;
; B1         ; B1out       ; 2.423 ;       ;       ; 2.423 ;
; B1         ; Cout        ; 3.341 ; 3.341 ; 3.341 ; 3.341 ;
; B1         ; OVR         ; 3.327 ; 3.327 ; 3.327 ; 3.327 ;
; B1         ; R1out       ; 2.701 ; 2.701 ; 2.701 ; 2.701 ;
; B1         ; R2out       ; 3.321 ; 3.321 ; 3.321 ; 3.321 ;
; B1         ; R3out       ; 3.326 ; 3.326 ; 3.326 ; 3.326 ;
; B1         ; a           ; 5.641 ; 5.641 ; 5.641 ; 5.641 ;
; B1         ; b           ; 5.701 ; 5.701 ; 5.701 ; 5.701 ;
; B1         ; c           ; 5.589 ; 5.589 ; 5.589 ; 5.589 ;
; B1         ; d           ; 5.033 ; 5.033 ; 5.033 ; 5.033 ;
; B1         ; e           ; 5.121 ; 5.121 ; 5.121 ; 5.121 ;
; B1         ; f           ; 5.719 ; 5.719 ; 5.719 ; 5.719 ;
; B1         ; g           ; 5.720 ; 5.720 ; 5.720 ; 5.720 ;
; B1         ; g1          ; 5.140 ; 5.140 ; 5.140 ; 5.140 ;
; B2         ; B2out       ; 2.618 ;       ;       ; 2.618 ;
; B2         ; Cout        ; 3.047 ; 3.047 ; 3.047 ; 3.047 ;
; B2         ; OVR         ; 3.033 ; 3.033 ; 3.033 ; 3.033 ;
; B2         ; R2out       ; 2.734 ; 2.734 ; 2.734 ; 2.734 ;
; B2         ; R3out       ; 3.032 ; 3.032 ; 3.032 ; 3.032 ;
; B2         ; a           ; 5.347 ; 5.347 ; 5.347 ; 5.347 ;
; B2         ; b           ; 5.407 ; 5.407 ; 5.407 ; 5.407 ;
; B2         ; c           ; 5.295 ; 5.295 ; 5.295 ; 5.295 ;
; B2         ; d           ; 4.446 ; 4.446 ; 4.446 ; 4.446 ;
; B2         ; e           ; 4.534 ; 4.534 ; 4.534 ; 4.534 ;
; B2         ; f           ; 5.425 ; 5.425 ; 5.425 ; 5.425 ;
; B2         ; g           ; 5.426 ; 5.426 ; 5.426 ; 5.426 ;
; B2         ; g1          ; 4.846 ; 4.846 ; 4.846 ; 4.846 ;
; B3         ; B3out       ; 2.886 ;       ;       ; 2.886 ;
; B3         ; Cout        ; 3.203 ; 3.203 ; 3.203 ; 3.203 ;
; B3         ; OVR         ; 3.188 ; 3.188 ; 3.188 ; 3.188 ;
; B3         ; R3out       ; 3.344 ; 3.344 ; 3.344 ; 3.344 ;
; B3         ; a           ; 5.659 ; 5.659 ; 5.659 ; 5.659 ;
; B3         ; b           ; 5.719 ; 5.719 ; 5.719 ; 5.719 ;
; B3         ; c           ; 5.607 ; 5.607 ; 5.607 ; 5.607 ;
; B3         ; f           ; 5.737 ; 5.737 ; 5.737 ; 5.737 ;
; B3         ; g           ; 5.738 ; 5.738 ; 5.738 ; 5.738 ;
; B3         ; g1          ; 5.158 ; 5.158 ; 5.158 ; 5.158 ;
; S0         ; Cout        ; 4.399 ; 4.036 ; 4.036 ; 4.399 ;
; S0         ; OVR         ; 4.385 ; 4.385 ; 4.385 ; 4.385 ;
; S0         ; R0out       ; 3.510 ; 3.510 ; 3.510 ; 3.510 ;
; S0         ; R1out       ; 3.941 ; 3.941 ; 3.941 ; 3.941 ;
; S0         ; R2out       ; 4.379 ; 4.379 ; 4.379 ; 4.379 ;
; S0         ; R3out       ; 4.384 ; 4.384 ; 4.384 ; 4.384 ;
; S0         ; S0out       ; 3.231 ;       ;       ; 3.231 ;
; S0         ; a           ; 6.699 ; 6.699 ; 6.699 ; 6.699 ;
; S0         ; b           ; 6.759 ; 6.759 ; 6.759 ; 6.759 ;
; S0         ; c           ; 6.647 ; 6.647 ; 6.647 ; 6.647 ;
; S0         ; d           ; 6.091 ; 6.091 ; 6.091 ; 6.091 ;
; S0         ; e           ; 6.179 ; 6.179 ; 6.179 ; 6.179 ;
; S0         ; f           ; 6.777 ; 6.777 ; 6.777 ; 6.777 ;
; S0         ; g           ; 6.778 ; 6.778 ; 6.778 ; 6.778 ;
; S0         ; g1          ; 6.198 ; 6.198 ; 6.198 ; 6.198 ;
; S1         ; R0out       ; 3.475 ; 3.475 ; 3.475 ; 3.475 ;
; S1         ; R1out       ; 3.750 ; 3.750 ; 3.750 ; 3.750 ;
; S1         ; R2out       ; 3.765 ; 3.765 ; 3.765 ; 3.765 ;
; S1         ; R3out       ; 3.826 ; 3.826 ; 3.826 ; 3.826 ;
; S1         ; S1out       ; 3.034 ;       ;       ; 3.034 ;
; S1         ; a           ; 6.141 ; 6.141 ; 6.141 ; 6.141 ;
; S1         ; b           ; 6.201 ; 6.201 ; 6.201 ; 6.201 ;
; S1         ; c           ; 6.089 ; 6.089 ; 6.089 ; 6.089 ;
; S1         ; d           ; 5.477 ; 5.477 ; 5.477 ; 5.477 ;
; S1         ; e           ; 5.565 ; 5.565 ; 5.565 ; 5.565 ;
; S1         ; f           ; 6.219 ; 6.219 ; 6.219 ; 6.219 ;
; S1         ; g           ; 6.220 ; 6.220 ; 6.220 ; 6.220 ;
; S1         ; g1          ; 5.640 ; 5.640 ; 5.640 ; 5.640 ;
+------------+-------------+-------+-------+-------+-------+


+----------------------------------------------------------+
; Minimum Propagation Delay                                ;
+------------+-------------+-------+-------+-------+-------+
; Input Port ; Output Port ; RR    ; RF    ; FR    ; FF    ;
+------------+-------------+-------+-------+-------+-------+
; A0         ; A0out       ; 3.092 ;       ;       ; 3.092 ;
; A0         ; Cout        ; 3.897 ;       ;       ; 3.897 ;
; A0         ; OVR         ; 3.883 ; 3.883 ; 3.883 ; 3.883 ;
; A0         ; R0out       ; 2.999 ; 2.999 ; 2.999 ; 2.999 ;
; A0         ; R1out       ; 3.439 ; 3.439 ; 3.439 ; 3.439 ;
; A0         ; R2out       ; 3.877 ; 3.877 ; 3.877 ; 3.877 ;
; A0         ; R3out       ; 3.882 ; 3.882 ; 3.882 ; 3.882 ;
; A0         ; a           ; 4.821 ; 4.821 ; 4.821 ; 4.821 ;
; A0         ; b           ; 4.885 ; 4.885 ; 4.885 ; 4.885 ;
; A0         ; c           ; 4.772 ; 4.772 ; 4.772 ; 4.772 ;
; A0         ; d           ; 4.777 ; 4.777 ; 4.777 ; 4.777 ;
; A0         ; e           ; 4.857 ; 4.857 ; 4.857 ; 4.857 ;
; A0         ; f           ; 4.903 ; 4.903 ; 4.903 ; 4.903 ;
; A0         ; g           ; 4.902 ; 4.902 ; 4.902 ; 4.902 ;
; A0         ; g1          ; 5.696 ; 5.696 ; 5.696 ; 5.696 ;
; A1         ; A1out       ; 2.902 ;       ;       ; 2.902 ;
; A1         ; Cout        ; 3.730 ;       ;       ; 3.730 ;
; A1         ; OVR         ; 3.716 ; 3.716 ; 3.716 ; 3.716 ;
; A1         ; R1out       ; 3.395 ; 3.395 ; 3.395 ; 3.395 ;
; A1         ; R2out       ; 3.710 ; 3.710 ; 3.710 ; 3.710 ;
; A1         ; R3out       ; 3.715 ; 3.715 ; 3.715 ; 3.715 ;
; A1         ; a           ; 4.827 ; 4.827 ; 4.827 ; 4.827 ;
; A1         ; b           ; 4.907 ; 4.907 ; 4.907 ; 4.907 ;
; A1         ; c           ; 4.789 ; 4.789 ; 4.789 ; 4.789 ;
; A1         ; d           ; 4.786 ; 4.786 ; 4.786 ; 4.786 ;
; A1         ; e           ; 4.881 ; 4.881 ; 4.881 ; 4.881 ;
; A1         ; f           ; 4.929 ; 4.929 ; 4.929 ; 4.929 ;
; A1         ; g           ; 4.929 ; 4.929 ; 4.929 ; 4.929 ;
; A1         ; g1          ; 5.529 ; 5.529 ; 5.529 ; 5.529 ;
; A2         ; A2out       ; 2.610 ;       ;       ; 2.610 ;
; A2         ; Cout        ; 3.363 ;       ;       ; 3.363 ;
; A2         ; OVR         ; 3.349 ; 3.349 ; 3.349 ; 3.349 ;
; A2         ; R2out       ; 3.269 ; 3.269 ; 3.269 ; 3.269 ;
; A2         ; R3out       ; 3.348 ; 3.348 ; 3.348 ; 3.348 ;
; A2         ; a           ; 5.023 ; 5.023 ; 5.023 ; 5.023 ;
; A2         ; b           ; 5.098 ; 5.098 ; 5.098 ; 5.098 ;
; A2         ; c           ; 4.978 ; 4.978 ; 4.978 ; 4.978 ;
; A2         ; d           ; 4.981 ; 4.981 ; 4.981 ; 4.981 ;
; A2         ; e           ; 5.069 ; 5.069 ; 5.069 ; 5.069 ;
; A2         ; f           ; 5.118 ; 5.118 ; 5.118 ; 5.118 ;
; A2         ; g           ; 5.117 ; 5.117 ; 5.117 ; 5.117 ;
; A2         ; g1          ; 5.162 ; 5.162 ; 5.162 ; 5.162 ;
; A3         ; A3out       ; 3.245 ;       ;       ; 3.245 ;
; A3         ; Cout        ; 3.813 ;       ;       ; 3.813 ;
; A3         ; OVR         ; 3.804 ; 3.804 ; 3.804 ; 3.804 ;
; A3         ; R3out       ; 4.019 ; 4.019 ; 4.019 ; 4.019 ;
; A3         ; a           ; 6.334 ; 6.334 ; 6.334 ; 6.334 ;
; A3         ; b           ; 6.394 ; 6.394 ; 6.394 ; 6.394 ;
; A3         ; c           ; 6.282 ; 6.282 ; 6.282 ; 6.282 ;
; A3         ; f           ; 6.412 ; 6.412 ; 6.412 ; 6.412 ;
; A3         ; g           ; 6.413 ; 6.413 ; 6.413 ; 6.413 ;
; A3         ; g1          ; 5.833 ; 5.833 ; 5.833 ; 5.833 ;
; B0         ; B0out       ; 2.295 ;       ;       ; 2.295 ;
; B0         ; Cout        ; 3.676 ; 3.676 ; 3.676 ; 3.676 ;
; B0         ; OVR         ; 3.662 ; 3.662 ; 3.662 ; 3.662 ;
; B0         ; R0out       ; 2.774 ; 2.774 ; 2.774 ; 2.774 ;
; B0         ; R1out       ; 3.218 ; 3.218 ; 3.218 ; 3.218 ;
; B0         ; R2out       ; 3.656 ; 3.656 ; 3.656 ; 3.656 ;
; B0         ; R3out       ; 3.661 ; 3.661 ; 3.661 ; 3.661 ;
; B0         ; a           ; 4.596 ; 4.596 ; 4.596 ; 4.596 ;
; B0         ; b           ; 4.660 ; 4.660 ; 4.660 ; 4.660 ;
; B0         ; c           ; 4.547 ; 4.547 ; 4.547 ; 4.547 ;
; B0         ; d           ; 4.552 ; 4.552 ; 4.552 ; 4.552 ;
; B0         ; e           ; 4.632 ; 4.632 ; 4.632 ; 4.632 ;
; B0         ; f           ; 4.678 ; 4.678 ; 4.678 ; 4.678 ;
; B0         ; g           ; 4.677 ; 4.677 ; 4.677 ; 4.677 ;
; B0         ; g1          ; 5.475 ; 5.475 ; 5.475 ; 5.475 ;
; B1         ; B1out       ; 2.423 ;       ;       ; 2.423 ;
; B1         ; Cout        ; 3.341 ; 3.341 ; 3.341 ; 3.341 ;
; B1         ; OVR         ; 3.327 ; 3.327 ; 3.327 ; 3.327 ;
; B1         ; R1out       ; 2.701 ; 2.701 ; 2.701 ; 2.701 ;
; B1         ; R2out       ; 3.321 ; 3.321 ; 3.321 ; 3.321 ;
; B1         ; R3out       ; 3.326 ; 3.326 ; 3.326 ; 3.326 ;
; B1         ; a           ; 4.133 ; 4.133 ; 4.133 ; 4.133 ;
; B1         ; b           ; 4.213 ; 4.213 ; 4.213 ; 4.213 ;
; B1         ; c           ; 4.095 ; 4.095 ; 4.095 ; 4.095 ;
; B1         ; d           ; 4.092 ; 4.092 ; 4.092 ; 4.092 ;
; B1         ; e           ; 4.187 ; 4.187 ; 4.187 ; 4.187 ;
; B1         ; f           ; 4.235 ; 4.235 ; 4.235 ; 4.235 ;
; B1         ; g           ; 4.235 ; 4.235 ; 4.235 ; 4.235 ;
; B1         ; g1          ; 5.140 ; 5.140 ; 5.140 ; 5.140 ;
; B2         ; B2out       ; 2.618 ;       ;       ; 2.618 ;
; B2         ; Cout        ; 3.047 ; 3.047 ; 3.047 ; 3.047 ;
; B2         ; OVR         ; 3.033 ; 3.033 ; 3.033 ; 3.033 ;
; B2         ; R2out       ; 2.734 ; 2.734 ; 2.734 ; 2.734 ;
; B2         ; R3out       ; 3.032 ; 3.032 ; 3.032 ; 3.032 ;
; B2         ; a           ; 4.488 ; 4.488 ; 4.488 ; 4.488 ;
; B2         ; b           ; 4.563 ; 4.563 ; 4.563 ; 4.563 ;
; B2         ; c           ; 4.443 ; 4.443 ; 4.443 ; 4.443 ;
; B2         ; d           ; 4.446 ; 4.446 ; 4.446 ; 4.446 ;
; B2         ; e           ; 4.534 ; 4.534 ; 4.534 ; 4.534 ;
; B2         ; f           ; 4.583 ; 4.583 ; 4.583 ; 4.583 ;
; B2         ; g           ; 4.582 ; 4.582 ; 4.582 ; 4.582 ;
; B2         ; g1          ; 4.846 ; 4.846 ; 4.846 ; 4.846 ;
; B3         ; B3out       ; 2.886 ;       ;       ; 2.886 ;
; B3         ; Cout        ; 3.203 ; 3.203 ; 3.203 ; 3.203 ;
; B3         ; OVR         ; 3.188 ; 3.188 ; 3.188 ; 3.188 ;
; B3         ; R3out       ; 3.344 ; 3.344 ; 3.344 ; 3.344 ;
; B3         ; a           ; 5.659 ; 5.659 ; 5.659 ; 5.659 ;
; B3         ; b           ; 5.719 ; 5.719 ; 5.719 ; 5.719 ;
; B3         ; c           ; 5.607 ; 5.607 ; 5.607 ; 5.607 ;
; B3         ; f           ; 5.737 ; 5.737 ; 5.737 ; 5.737 ;
; B3         ; g           ; 5.738 ; 5.738 ; 5.738 ; 5.738 ;
; B3         ; g1          ; 5.158 ; 5.158 ; 5.158 ; 5.158 ;
; S0         ; Cout        ; 3.567 ; 3.567 ; 3.567 ; 3.567 ;
; S0         ; OVR         ; 3.559 ; 3.559 ; 3.559 ; 3.559 ;
; S0         ; R0out       ; 3.510 ; 3.510 ; 3.510 ; 3.510 ;
; S0         ; R1out       ; 3.405 ; 3.405 ; 3.405 ; 3.405 ;
; S0         ; R2out       ; 3.426 ; 3.426 ; 3.426 ; 3.426 ;
; S0         ; R3out       ; 3.673 ; 3.673 ; 3.673 ; 3.673 ;
; S0         ; S0out       ; 3.231 ;       ;       ; 3.231 ;
; S0         ; a           ; 4.837 ; 4.837 ; 4.837 ; 4.837 ;
; S0         ; b           ; 4.917 ; 4.917 ; 4.917 ; 4.917 ;
; S0         ; c           ; 4.799 ; 4.799 ; 4.799 ; 4.799 ;
; S0         ; d           ; 4.796 ; 4.796 ; 4.796 ; 4.796 ;
; S0         ; e           ; 4.891 ; 4.891 ; 4.891 ; 4.891 ;
; S0         ; f           ; 4.939 ; 4.939 ; 4.939 ; 4.939 ;
; S0         ; g           ; 4.939 ; 4.939 ; 4.939 ; 4.939 ;
; S0         ; g1          ; 5.487 ; 5.487 ; 5.487 ; 5.487 ;
; S1         ; R0out       ; 3.475 ; 3.475 ; 3.475 ; 3.475 ;
; S1         ; R1out       ; 3.450 ; 3.450 ; 3.450 ; 3.450 ;
; S1         ; R2out       ; 3.473 ; 3.473 ; 3.473 ; 3.473 ;
; S1         ; R3out       ; 3.603 ; 3.603 ; 3.603 ; 3.603 ;
; S1         ; S1out       ; 3.034 ;       ;       ; 3.034 ;
; S1         ; a           ; 4.882 ; 4.882 ; 4.882 ; 4.882 ;
; S1         ; b           ; 4.962 ; 4.962 ; 4.962 ; 4.962 ;
; S1         ; c           ; 4.844 ; 4.844 ; 4.844 ; 4.844 ;
; S1         ; d           ; 4.841 ; 4.841 ; 4.841 ; 4.841 ;
; S1         ; e           ; 4.936 ; 4.936 ; 4.936 ; 4.936 ;
; S1         ; f           ; 4.984 ; 4.984 ; 4.984 ; 4.984 ;
; S1         ; g           ; 4.984 ; 4.984 ; 4.984 ; 4.984 ;
; S1         ; g1          ; 5.417 ; 5.417 ; 5.417 ; 5.417 ;
+------------+-------------+-------+-------+-------+-------+


+----------------------------------------------------------------------------+
; Multicorner Timing Analysis Summary                                        ;
+------------------+-------+------+----------+---------+---------------------+
; Clock            ; Setup ; Hold ; Recovery ; Removal ; Minimum Pulse Width ;
+------------------+-------+------+----------+---------+---------------------+
; Worst-case Slack ; N/A   ; N/A  ; N/A      ; N/A     ; N/A                 ;
; Design-wide TNS  ; 0.0   ; 0.0  ; 0.0      ; 0.0     ; 0.0                 ;
+------------------+-------+------+----------+---------+---------------------+


+--------------------------------------------------------------+
; Progagation Delay                                            ;
+------------+-------------+--------+--------+--------+--------+
; Input Port ; Output Port ; RR     ; RF     ; FR     ; FF     ;
+------------+-------------+--------+--------+--------+--------+
; A0         ; A0out       ; 6.400  ;        ;        ; 6.400  ;
; A0         ; Cout        ; 8.872  ;        ;        ; 8.872  ;
; A0         ; OVR         ; 8.843  ; 8.843  ; 8.843  ; 8.843  ;
; A0         ; R0out       ; 6.358  ; 6.358  ; 6.358  ; 6.358  ;
; A0         ; R1out       ; 7.653  ; 7.653  ; 7.653  ; 7.653  ;
; A0         ; R2out       ; 8.898  ; 8.898  ; 8.898  ; 8.898  ;
; A0         ; R3out       ; 8.861  ; 8.861  ; 8.861  ; 8.861  ;
; A0         ; a           ; 14.974 ; 14.974 ; 14.974 ; 14.974 ;
; A0         ; b           ; 15.064 ; 15.064 ; 15.064 ; 15.064 ;
; A0         ; c           ; 14.746 ; 14.746 ; 14.746 ; 14.746 ;
; A0         ; d           ; 13.111 ; 13.111 ; 13.111 ; 13.111 ;
; A0         ; e           ; 13.354 ; 13.354 ; 13.354 ; 13.354 ;
; A0         ; f           ; 15.131 ; 15.131 ; 15.131 ; 15.131 ;
; A0         ; g           ; 15.130 ; 15.130 ; 15.130 ; 15.130 ;
; A0         ; g1          ; 13.545 ; 13.545 ; 13.545 ; 13.545 ;
; A1         ; A1out       ; 6.051  ;        ;        ; 6.051  ;
; A1         ; Cout        ; 8.421  ;        ;        ; 8.421  ;
; A1         ; OVR         ; 8.392  ; 8.392  ; 8.392  ; 8.392  ;
; A1         ; R1out       ; 7.550  ; 7.550  ; 7.550  ; 7.550  ;
; A1         ; R2out       ; 8.447  ; 8.447  ; 8.447  ; 8.447  ;
; A1         ; R3out       ; 8.410  ; 8.410  ; 8.410  ; 8.410  ;
; A1         ; a           ; 14.523 ; 14.523 ; 14.523 ; 14.523 ;
; A1         ; b           ; 14.613 ; 14.613 ; 14.613 ; 14.613 ;
; A1         ; c           ; 14.295 ; 14.295 ; 14.295 ; 14.295 ;
; A1         ; d           ; 12.660 ; 12.660 ; 12.660 ; 12.660 ;
; A1         ; e           ; 12.903 ; 12.903 ; 12.903 ; 12.903 ;
; A1         ; f           ; 14.680 ; 14.680 ; 14.680 ; 14.680 ;
; A1         ; g           ; 14.679 ; 14.679 ; 14.679 ; 14.679 ;
; A1         ; g1          ; 13.094 ; 13.094 ; 13.094 ; 13.094 ;
; A2         ; A2out       ; 5.422  ;        ;        ; 5.422  ;
; A2         ; Cout        ; 7.411  ;        ;        ; 7.411  ;
; A2         ; OVR         ; 7.382  ; 7.382  ; 7.382  ; 7.382  ;
; A2         ; R2out       ; 7.239  ; 7.239  ; 7.239  ; 7.239  ;
; A2         ; R3out       ; 7.400  ; 7.400  ; 7.400  ; 7.400  ;
; A2         ; a           ; 13.513 ; 13.513 ; 13.513 ; 13.513 ;
; A2         ; b           ; 13.603 ; 13.603 ; 13.603 ; 13.603 ;
; A2         ; c           ; 13.285 ; 13.285 ; 13.285 ; 13.285 ;
; A2         ; d           ; 11.452 ; 11.452 ; 11.452 ; 11.452 ;
; A2         ; e           ; 11.695 ; 11.695 ; 11.695 ; 11.695 ;
; A2         ; f           ; 13.670 ; 13.670 ; 13.670 ; 13.670 ;
; A2         ; g           ; 13.669 ; 13.669 ; 13.669 ; 13.669 ;
; A2         ; g1          ; 12.084 ; 12.084 ; 12.084 ; 12.084 ;
; A3         ; A3out       ; 6.688  ;        ;        ; 6.688  ;
; A3         ; Cout        ; 8.351  ;        ;        ; 8.351  ;
; A3         ; OVR         ; 8.327  ; 8.327  ; 8.327  ; 8.327  ;
; A3         ; R3out       ; 8.967  ; 8.967  ; 8.967  ; 8.967  ;
; A3         ; a           ; 15.080 ; 15.080 ; 15.080 ; 15.080 ;
; A3         ; b           ; 15.170 ; 15.170 ; 15.170 ; 15.170 ;
; A3         ; c           ; 14.852 ; 14.852 ; 14.852 ; 14.852 ;
; A3         ; f           ; 15.237 ; 15.237 ; 15.237 ; 15.237 ;
; A3         ; g           ; 15.236 ; 15.236 ; 15.236 ; 15.236 ;
; A3         ; g1          ; 13.651 ; 13.651 ; 13.651 ; 13.651 ;
; B0         ; B0out       ; 4.644  ;        ;        ; 4.644  ;
; B0         ; Cout        ; 8.426  ; 8.426  ; 8.426  ; 8.426  ;
; B0         ; OVR         ; 8.397  ; 8.397  ; 8.397  ; 8.397  ;
; B0         ; R0out       ; 5.909  ; 5.909  ; 5.909  ; 5.909  ;
; B0         ; R1out       ; 7.207  ; 7.207  ; 7.207  ; 7.207  ;
; B0         ; R2out       ; 8.452  ; 8.452  ; 8.452  ; 8.452  ;
; B0         ; R3out       ; 8.415  ; 8.415  ; 8.415  ; 8.415  ;
; B0         ; a           ; 14.528 ; 14.528 ; 14.528 ; 14.528 ;
; B0         ; b           ; 14.618 ; 14.618 ; 14.618 ; 14.618 ;
; B0         ; c           ; 14.300 ; 14.300 ; 14.300 ; 14.300 ;
; B0         ; d           ; 12.665 ; 12.665 ; 12.665 ; 12.665 ;
; B0         ; e           ; 12.908 ; 12.908 ; 12.908 ; 12.908 ;
; B0         ; f           ; 14.685 ; 14.685 ; 14.685 ; 14.685 ;
; B0         ; g           ; 14.684 ; 14.684 ; 14.684 ; 14.684 ;
; B0         ; g1          ; 13.099 ; 13.099 ; 13.099 ; 13.099 ;
; B1         ; B1out       ; 4.979  ;        ;        ; 4.979  ;
; B1         ; Cout        ; 7.465  ; 7.465  ; 7.465  ; 7.465  ;
; B1         ; OVR         ; 7.436  ; 7.436  ; 7.436  ; 7.436  ;
; B1         ; R1out       ; 5.723  ; 5.723  ; 5.723  ; 5.723  ;
; B1         ; R2out       ; 7.491  ; 7.491  ; 7.491  ; 7.491  ;
; B1         ; R3out       ; 7.454  ; 7.454  ; 7.454  ; 7.454  ;
; B1         ; a           ; 13.567 ; 13.567 ; 13.567 ; 13.567 ;
; B1         ; b           ; 13.657 ; 13.657 ; 13.657 ; 13.657 ;
; B1         ; c           ; 13.339 ; 13.339 ; 13.339 ; 13.339 ;
; B1         ; d           ; 11.704 ; 11.704 ; 11.704 ; 11.704 ;
; B1         ; e           ; 11.947 ; 11.947 ; 11.947 ; 11.947 ;
; B1         ; f           ; 13.724 ; 13.724 ; 13.724 ; 13.724 ;
; B1         ; g           ; 13.723 ; 13.723 ; 13.723 ; 13.723 ;
; B1         ; g1          ; 12.138 ; 12.138 ; 12.138 ; 12.138 ;
; B2         ; B2out       ; 5.397  ;        ;        ; 5.397  ;
; B2         ; Cout        ; 6.597  ; 6.597  ; 6.597  ; 6.597  ;
; B2         ; OVR         ; 6.568  ; 6.568  ; 6.568  ; 6.568  ;
; B2         ; R2out       ; 5.769  ; 5.769  ; 5.769  ; 5.769  ;
; B2         ; R3out       ; 6.586  ; 6.586  ; 6.586  ; 6.586  ;
; B2         ; a           ; 12.699 ; 12.699 ; 12.699 ; 12.699 ;
; B2         ; b           ; 12.789 ; 12.789 ; 12.789 ; 12.789 ;
; B2         ; c           ; 12.471 ; 12.471 ; 12.471 ; 12.471 ;
; B2         ; d           ; 9.982  ; 9.982  ; 9.982  ; 9.982  ;
; B2         ; e           ; 10.225 ; 10.225 ; 10.225 ; 10.225 ;
; B2         ; f           ; 12.856 ; 12.856 ; 12.856 ; 12.856 ;
; B2         ; g           ; 12.855 ; 12.855 ; 12.855 ; 12.855 ;
; B2         ; g1          ; 11.270 ; 11.270 ; 11.270 ; 11.270 ;
; B3         ; B3out       ; 6.101  ;        ;        ; 6.101  ;
; B3         ; Cout        ; 6.968  ; 6.968  ; 6.968  ; 6.968  ;
; B3         ; OVR         ; 6.936  ; 6.936  ; 6.936  ; 6.936  ;
; B3         ; R3out       ; 7.390  ; 7.390  ; 7.390  ; 7.390  ;
; B3         ; a           ; 13.503 ; 13.503 ; 13.503 ; 13.503 ;
; B3         ; b           ; 13.593 ; 13.593 ; 13.593 ; 13.593 ;
; B3         ; c           ; 13.275 ; 13.275 ; 13.275 ; 13.275 ;
; B3         ; f           ; 13.660 ; 13.660 ; 13.660 ; 13.660 ;
; B3         ; g           ; 13.659 ; 13.659 ; 13.659 ; 13.659 ;
; B3         ; g1          ; 12.074 ; 12.074 ; 12.074 ; 12.074 ;
; S0         ; Cout        ; 10.080 ; 9.027  ; 9.027  ; 10.080 ;
; S0         ; OVR         ; 10.051 ; 10.051 ; 10.051 ; 10.051 ;
; S0         ; R0out       ; 7.576  ; 7.576  ; 7.576  ; 7.576  ;
; S0         ; R1out       ; 8.861  ; 8.861  ; 8.861  ; 8.861  ;
; S0         ; R2out       ; 10.106 ; 10.106 ; 10.106 ; 10.106 ;
; S0         ; R3out       ; 10.069 ; 10.069 ; 10.069 ; 10.069 ;
; S0         ; S0out       ; 6.895  ;        ;        ; 6.895  ;
; S0         ; a           ; 16.182 ; 16.182 ; 16.182 ; 16.182 ;
; S0         ; b           ; 16.272 ; 16.272 ; 16.272 ; 16.272 ;
; S0         ; c           ; 15.954 ; 15.954 ; 15.954 ; 15.954 ;
; S0         ; d           ; 14.319 ; 14.319 ; 14.319 ; 14.319 ;
; S0         ; e           ; 14.562 ; 14.562 ; 14.562 ; 14.562 ;
; S0         ; f           ; 16.339 ; 16.339 ; 16.339 ; 16.339 ;
; S0         ; g           ; 16.338 ; 16.338 ; 16.338 ; 16.338 ;
; S0         ; g1          ; 14.753 ; 14.753 ; 14.753 ; 14.753 ;
; S1         ; R0out       ; 7.490  ; 7.490  ; 7.490  ; 7.490  ;
; S1         ; R1out       ; 8.316  ; 8.316  ; 8.316  ; 8.316  ;
; S1         ; R2out       ; 8.343  ; 8.343  ; 8.343  ; 8.343  ;
; S1         ; R3out       ; 8.457  ; 8.457  ; 8.457  ; 8.457  ;
; S1         ; S1out       ; 6.365  ;        ;        ; 6.365  ;
; S1         ; a           ; 14.570 ; 14.570 ; 14.570 ; 14.570 ;
; S1         ; b           ; 14.660 ; 14.660 ; 14.660 ; 14.660 ;
; S1         ; c           ; 14.342 ; 14.342 ; 14.342 ; 14.342 ;
; S1         ; d           ; 12.556 ; 12.556 ; 12.556 ; 12.556 ;
; S1         ; e           ; 12.799 ; 12.799 ; 12.799 ; 12.799 ;
; S1         ; f           ; 14.727 ; 14.727 ; 14.727 ; 14.727 ;
; S1         ; g           ; 14.726 ; 14.726 ; 14.726 ; 14.726 ;
; S1         ; g1          ; 13.141 ; 13.141 ; 13.141 ; 13.141 ;
+------------+-------------+--------+--------+--------+--------+


+----------------------------------------------------------+
; Minimum Progagation Delay                                ;
+------------+-------------+-------+-------+-------+-------+
; Input Port ; Output Port ; RR    ; RF    ; FR    ; FF    ;
+------------+-------------+-------+-------+-------+-------+
; A0         ; A0out       ; 3.092 ;       ;       ; 3.092 ;
; A0         ; Cout        ; 3.897 ;       ;       ; 3.897 ;
; A0         ; OVR         ; 3.883 ; 3.883 ; 3.883 ; 3.883 ;
; A0         ; R0out       ; 2.999 ; 2.999 ; 2.999 ; 2.999 ;
; A0         ; R1out       ; 3.439 ; 3.439 ; 3.439 ; 3.439 ;
; A0         ; R2out       ; 3.877 ; 3.877 ; 3.877 ; 3.877 ;
; A0         ; R3out       ; 3.882 ; 3.882 ; 3.882 ; 3.882 ;
; A0         ; a           ; 4.821 ; 4.821 ; 4.821 ; 4.821 ;
; A0         ; b           ; 4.885 ; 4.885 ; 4.885 ; 4.885 ;
; A0         ; c           ; 4.772 ; 4.772 ; 4.772 ; 4.772 ;
; A0         ; d           ; 4.777 ; 4.777 ; 4.777 ; 4.777 ;
; A0         ; e           ; 4.857 ; 4.857 ; 4.857 ; 4.857 ;
; A0         ; f           ; 4.903 ; 4.903 ; 4.903 ; 4.903 ;
; A0         ; g           ; 4.902 ; 4.902 ; 4.902 ; 4.902 ;
; A0         ; g1          ; 5.696 ; 5.696 ; 5.696 ; 5.696 ;
; A1         ; A1out       ; 2.902 ;       ;       ; 2.902 ;
; A1         ; Cout        ; 3.730 ;       ;       ; 3.730 ;
; A1         ; OVR         ; 3.716 ; 3.716 ; 3.716 ; 3.716 ;
; A1         ; R1out       ; 3.395 ; 3.395 ; 3.395 ; 3.395 ;
; A1         ; R2out       ; 3.710 ; 3.710 ; 3.710 ; 3.710 ;
; A1         ; R3out       ; 3.715 ; 3.715 ; 3.715 ; 3.715 ;
; A1         ; a           ; 4.827 ; 4.827 ; 4.827 ; 4.827 ;
; A1         ; b           ; 4.907 ; 4.907 ; 4.907 ; 4.907 ;
; A1         ; c           ; 4.789 ; 4.789 ; 4.789 ; 4.789 ;
; A1         ; d           ; 4.786 ; 4.786 ; 4.786 ; 4.786 ;
; A1         ; e           ; 4.881 ; 4.881 ; 4.881 ; 4.881 ;
; A1         ; f           ; 4.929 ; 4.929 ; 4.929 ; 4.929 ;
; A1         ; g           ; 4.929 ; 4.929 ; 4.929 ; 4.929 ;
; A1         ; g1          ; 5.529 ; 5.529 ; 5.529 ; 5.529 ;
; A2         ; A2out       ; 2.610 ;       ;       ; 2.610 ;
; A2         ; Cout        ; 3.363 ;       ;       ; 3.363 ;
; A2         ; OVR         ; 3.349 ; 3.349 ; 3.349 ; 3.349 ;
; A2         ; R2out       ; 3.269 ; 3.269 ; 3.269 ; 3.269 ;
; A2         ; R3out       ; 3.348 ; 3.348 ; 3.348 ; 3.348 ;
; A2         ; a           ; 5.023 ; 5.023 ; 5.023 ; 5.023 ;
; A2         ; b           ; 5.098 ; 5.098 ; 5.098 ; 5.098 ;
; A2         ; c           ; 4.978 ; 4.978 ; 4.978 ; 4.978 ;
; A2         ; d           ; 4.981 ; 4.981 ; 4.981 ; 4.981 ;
; A2         ; e           ; 5.069 ; 5.069 ; 5.069 ; 5.069 ;
; A2         ; f           ; 5.118 ; 5.118 ; 5.118 ; 5.118 ;
; A2         ; g           ; 5.117 ; 5.117 ; 5.117 ; 5.117 ;
; A2         ; g1          ; 5.162 ; 5.162 ; 5.162 ; 5.162 ;
; A3         ; A3out       ; 3.245 ;       ;       ; 3.245 ;
; A3         ; Cout        ; 3.813 ;       ;       ; 3.813 ;
; A3         ; OVR         ; 3.804 ; 3.804 ; 3.804 ; 3.804 ;
; A3         ; R3out       ; 4.019 ; 4.019 ; 4.019 ; 4.019 ;
; A3         ; a           ; 6.334 ; 6.334 ; 6.334 ; 6.334 ;
; A3         ; b           ; 6.394 ; 6.394 ; 6.394 ; 6.394 ;
; A3         ; c           ; 6.282 ; 6.282 ; 6.282 ; 6.282 ;
; A3         ; f           ; 6.412 ; 6.412 ; 6.412 ; 6.412 ;
; A3         ; g           ; 6.413 ; 6.413 ; 6.413 ; 6.413 ;
; A3         ; g1          ; 5.833 ; 5.833 ; 5.833 ; 5.833 ;
; B0         ; B0out       ; 2.295 ;       ;       ; 2.295 ;
; B0         ; Cout        ; 3.676 ; 3.676 ; 3.676 ; 3.676 ;
; B0         ; OVR         ; 3.662 ; 3.662 ; 3.662 ; 3.662 ;
; B0         ; R0out       ; 2.774 ; 2.774 ; 2.774 ; 2.774 ;
; B0         ; R1out       ; 3.218 ; 3.218 ; 3.218 ; 3.218 ;
; B0         ; R2out       ; 3.656 ; 3.656 ; 3.656 ; 3.656 ;
; B0         ; R3out       ; 3.661 ; 3.661 ; 3.661 ; 3.661 ;
; B0         ; a           ; 4.596 ; 4.596 ; 4.596 ; 4.596 ;
; B0         ; b           ; 4.660 ; 4.660 ; 4.660 ; 4.660 ;
; B0         ; c           ; 4.547 ; 4.547 ; 4.547 ; 4.547 ;
; B0         ; d           ; 4.552 ; 4.552 ; 4.552 ; 4.552 ;
; B0         ; e           ; 4.632 ; 4.632 ; 4.632 ; 4.632 ;
; B0         ; f           ; 4.678 ; 4.678 ; 4.678 ; 4.678 ;
; B0         ; g           ; 4.677 ; 4.677 ; 4.677 ; 4.677 ;
; B0         ; g1          ; 5.475 ; 5.475 ; 5.475 ; 5.475 ;
; B1         ; B1out       ; 2.423 ;       ;       ; 2.423 ;
; B1         ; Cout        ; 3.341 ; 3.341 ; 3.341 ; 3.341 ;
; B1         ; OVR         ; 3.327 ; 3.327 ; 3.327 ; 3.327 ;
; B1         ; R1out       ; 2.701 ; 2.701 ; 2.701 ; 2.701 ;
; B1         ; R2out       ; 3.321 ; 3.321 ; 3.321 ; 3.321 ;
; B1         ; R3out       ; 3.326 ; 3.326 ; 3.326 ; 3.326 ;
; B1         ; a           ; 4.133 ; 4.133 ; 4.133 ; 4.133 ;
; B1         ; b           ; 4.213 ; 4.213 ; 4.213 ; 4.213 ;
; B1         ; c           ; 4.095 ; 4.095 ; 4.095 ; 4.095 ;
; B1         ; d           ; 4.092 ; 4.092 ; 4.092 ; 4.092 ;
; B1         ; e           ; 4.187 ; 4.187 ; 4.187 ; 4.187 ;
; B1         ; f           ; 4.235 ; 4.235 ; 4.235 ; 4.235 ;
; B1         ; g           ; 4.235 ; 4.235 ; 4.235 ; 4.235 ;
; B1         ; g1          ; 5.140 ; 5.140 ; 5.140 ; 5.140 ;
; B2         ; B2out       ; 2.618 ;       ;       ; 2.618 ;
; B2         ; Cout        ; 3.047 ; 3.047 ; 3.047 ; 3.047 ;
; B2         ; OVR         ; 3.033 ; 3.033 ; 3.033 ; 3.033 ;
; B2         ; R2out       ; 2.734 ; 2.734 ; 2.734 ; 2.734 ;
; B2         ; R3out       ; 3.032 ; 3.032 ; 3.032 ; 3.032 ;
; B2         ; a           ; 4.488 ; 4.488 ; 4.488 ; 4.488 ;
; B2         ; b           ; 4.563 ; 4.563 ; 4.563 ; 4.563 ;
; B2         ; c           ; 4.443 ; 4.443 ; 4.443 ; 4.443 ;
; B2         ; d           ; 4.446 ; 4.446 ; 4.446 ; 4.446 ;
; B2         ; e           ; 4.534 ; 4.534 ; 4.534 ; 4.534 ;
; B2         ; f           ; 4.583 ; 4.583 ; 4.583 ; 4.583 ;
; B2         ; g           ; 4.582 ; 4.582 ; 4.582 ; 4.582 ;
; B2         ; g1          ; 4.846 ; 4.846 ; 4.846 ; 4.846 ;
; B3         ; B3out       ; 2.886 ;       ;       ; 2.886 ;
; B3         ; Cout        ; 3.203 ; 3.203 ; 3.203 ; 3.203 ;
; B3         ; OVR         ; 3.188 ; 3.188 ; 3.188 ; 3.188 ;
; B3         ; R3out       ; 3.344 ; 3.344 ; 3.344 ; 3.344 ;
; B3         ; a           ; 5.659 ; 5.659 ; 5.659 ; 5.659 ;
; B3         ; b           ; 5.719 ; 5.719 ; 5.719 ; 5.719 ;
; B3         ; c           ; 5.607 ; 5.607 ; 5.607 ; 5.607 ;
; B3         ; f           ; 5.737 ; 5.737 ; 5.737 ; 5.737 ;
; B3         ; g           ; 5.738 ; 5.738 ; 5.738 ; 5.738 ;
; B3         ; g1          ; 5.158 ; 5.158 ; 5.158 ; 5.158 ;
; S0         ; Cout        ; 3.567 ; 3.567 ; 3.567 ; 3.567 ;
; S0         ; OVR         ; 3.559 ; 3.559 ; 3.559 ; 3.559 ;
; S0         ; R0out       ; 3.510 ; 3.510 ; 3.510 ; 3.510 ;
; S0         ; R1out       ; 3.405 ; 3.405 ; 3.405 ; 3.405 ;
; S0         ; R2out       ; 3.426 ; 3.426 ; 3.426 ; 3.426 ;
; S0         ; R3out       ; 3.673 ; 3.673 ; 3.673 ; 3.673 ;
; S0         ; S0out       ; 3.231 ;       ;       ; 3.231 ;
; S0         ; a           ; 4.837 ; 4.837 ; 4.837 ; 4.837 ;
; S0         ; b           ; 4.917 ; 4.917 ; 4.917 ; 4.917 ;
; S0         ; c           ; 4.799 ; 4.799 ; 4.799 ; 4.799 ;
; S0         ; d           ; 4.796 ; 4.796 ; 4.796 ; 4.796 ;
; S0         ; e           ; 4.891 ; 4.891 ; 4.891 ; 4.891 ;
; S0         ; f           ; 4.939 ; 4.939 ; 4.939 ; 4.939 ;
; S0         ; g           ; 4.939 ; 4.939 ; 4.939 ; 4.939 ;
; S0         ; g1          ; 5.487 ; 5.487 ; 5.487 ; 5.487 ;
; S1         ; R0out       ; 3.475 ; 3.475 ; 3.475 ; 3.475 ;
; S1         ; R1out       ; 3.450 ; 3.450 ; 3.450 ; 3.450 ;
; S1         ; R2out       ; 3.473 ; 3.473 ; 3.473 ; 3.473 ;
; S1         ; R3out       ; 3.603 ; 3.603 ; 3.603 ; 3.603 ;
; S1         ; S1out       ; 3.034 ;       ;       ; 3.034 ;
; S1         ; a           ; 4.882 ; 4.882 ; 4.882 ; 4.882 ;
; S1         ; b           ; 4.962 ; 4.962 ; 4.962 ; 4.962 ;
; S1         ; c           ; 4.844 ; 4.844 ; 4.844 ; 4.844 ;
; S1         ; d           ; 4.841 ; 4.841 ; 4.841 ; 4.841 ;
; S1         ; e           ; 4.936 ; 4.936 ; 4.936 ; 4.936 ;
; S1         ; f           ; 4.984 ; 4.984 ; 4.984 ; 4.984 ;
; S1         ; g           ; 4.984 ; 4.984 ; 4.984 ; 4.984 ;
; S1         ; g1          ; 5.417 ; 5.417 ; 5.417 ; 5.417 ;
+------------+-------------+-------+-------+-------+-------+


-------------------
; Clock Transfers ;
-------------------
Nothing to report.


---------------
; Report TCCS ;
---------------
No dedicated SERDES Transmitter circuitry present in device or used in design


---------------
; Report RSKM ;
---------------
No dedicated SERDES Receiver circuitry present in device or used in design


+------------------------------------------------+
; Unconstrained Paths                            ;
+---------------------------------+-------+------+
; Property                        ; Setup ; Hold ;
+---------------------------------+-------+------+
; Illegal Clocks                  ; 0     ; 0    ;
; Unconstrained Clocks            ; 0     ; 0    ;
; Unconstrained Input Ports       ; 10    ; 10   ;
; Unconstrained Input Port Paths  ; 132   ; 132  ;
; Unconstrained Output Ports      ; 24    ; 24   ;
; Unconstrained Output Port Paths ; 132   ; 132  ;
+---------------------------------+-------+------+


+------------------------------------+
; TimeQuest Timing Analyzer Messages ;
+------------------------------------+
Info: *******************************************************************
Info: Running Quartus II 64-Bit TimeQuest Timing Analyzer
    Info: Version 13.0.1 Build 232 06/12/2013 Service Pack 1 SJ Web Edition
    Info: Processing started: Fri Oct 16 09:09:41 2020
Info: Command: quartus_sta Lab7_ALU -c Lab7_ALU
Info: qsta_default_script.tcl version: #1
Warning (20028): Parallel compilation is not licensed and has been disabled
Info (21077): Low junction temperature is 0 degrees C
Info (21077): High junction temperature is 85 degrees C
Critical Warning (332012): Synopsys Design Constraints File file not found: 'Lab7_ALU.sdc'. A Synopsys Design Constraints File is required by the TimeQuest Timing Analyzer to get proper timing constraints. Without it, the Compiler will not properly optimize the design.
Info (332142): No user constrained base clocks found in the design. Calling "derive_clocks -period 1.0"
Info (332096): The command derive_clocks did not find any clocks to derive.  No clocks were created or changed.
Warning (332068): No clocks defined in design.
Info: Found TIMEQUEST_REPORT_SCRIPT_INCLUDE_DEFAULT_ANALYSIS = ON
Info (332159): No clocks to report
Info: Analyzing Slow Model
Info (332140): No fmax paths to report
Info (332140): No Setup paths to report
Info (332140): No Hold paths to report
Info (332140): No Recovery paths to report
Info (332140): No Removal paths to report
Info (332140): No Minimum Pulse Width paths to report
Info (332001): The selected device family is not supported by the report_metastability command.
Info: Analyzing Fast Model
Info (332142): No user constrained base clocks found in the design. Calling "derive_clocks -period 1.0"
Info (332096): The command derive_clocks did not find any clocks to derive.  No clocks were created or changed.
Warning (332068): No clocks defined in design.
Info (332140): No Setup paths to report
Info (332140): No Hold paths to report
Info (332140): No Recovery paths to report
Info (332140): No Removal paths to report
Info (332140): No Minimum Pulse Width paths to report
Info (332001): The selected device family is not supported by the report_metastability command.
Info (332102): Design is not fully constrained for setup requirements
Info (332102): Design is not fully constrained for hold requirements
Info: Quartus II 64-Bit TimeQuest Timing Analyzer was successful. 0 errors, 4 warnings
    Info: Peak virtual memory: 4544 megabytes
    Info: Processing ended: Fri Oct 16 09:09:42 2020
    Info: Elapsed time: 00:00:01
    Info: Total CPU time (on all processors): 00:00:01


